<?xml version="1.0" encoding="UTF-8"?>
<!-- This is an unmanaged datasource. It should be used for proofs of concept 
	or testing only. It uses H2, an in memory database that ships with JBoss 
	AS. -->
<datasources xmlns="http://www.jboss.org/ironjacamar/schema"
	xmlns:xsi="http://www.w3.org/2001/XMLSchema-instance"
	xsi:schemaLocation="http://www.jboss.org/ironjacamar/schema http://docs.jboss.org/ironjacamar/schema/datasources_1_0.xsd">
	<!-- The datasource is bound into JNDI at this location. We reference this 
		in META-INF/persistence.xml 
	
	<datasource jndi-name="java:jboss/datasources/MysqlDS"
		pool-name="{artifactId}" enabled="true" jta="true" use-java-context="true"
		use-ccm="true">
		<connection-url>
			jdbc:mysql://localhost:3306/trts
		</connection-url>
		<driver>mysql</driver>
		<security>
			<user-name>root</user-name>
			<password></password>
		</security>
		<statement>
			<prepared-statement-cache-size>100</prepared-statement-cache-size>
			<share-prepared-statements />
		</statement>
	</datasource> -->
</datasources>
 